# JRE version: OpenJDK Runtime Environment (14.0.2+12) (build 14.0.2+12-46)
# Java VM: OpenJDK 64-Bit Server VM (14.0.2+12-46, mixed mode, tiered, compressed oops, g1 gc, windows-amd64)
Heap:
 garbage-first heap   total 196608K, used 59797K [0x00000000c1600000, 0x0000000100000000)
  region size 1024K, 1 young (1024K), 1 survivors (1024K)
 Metaspace       used 3584K, capacity 4486K, committed 4864K, reserved 1056768K
  class space    used 315K, capacity 386K, committed 512K, reserved 1048576K
GC Heap History (20 events):
Event: 96.866 GC heap after
{Heap after GC invocations=2 (full 0):
 garbage-first heap   total 65536K, used 18432K [0x00000000c1600000, 0x0000000100000000)
  region size 1024K, 1 young (1024K), 1 survivors (1024K)
 Metaspace       used 3584K, capacity 4486K, committed 4864K, reserved 1056768K
  class space    used 315K, capacity 386K, committed 512K, reserved 1048576K
}
Event: 97.013 GC heap before
{Heap before GC invocations=2 (full 0):
 garbage-first heap   total 65536K, used 24576K [0x00000000c1600000, 0x0000000100000000)
  region size 1024K, 7 young (7168K), 1 survivors (1024K)
 Metaspace       used 3584K, capacity 4486K, committed 4864K, reserved 1056768K
  class space    used 315K, capacity 386K, committed 512K, reserved 1048576K
}
Event: 97.080 GC heap after
{Heap after GC invocations=3 (full 0):
 garbage-first heap   total 65536K, used 25088K [0x00000000c1600000, 0x0000000100000000)
  region size 1024K, 1 young (1024K), 1 survivors (1024K)
 Metaspace       used 3584K, capacity 4486K, committed 4864K, reserved 1056768K
  class space    used 315K, capacity 386K, committed 512K, reserved 1048576K
}
Event: 97.092 GC heap before
{Heap before GC invocations=3 (full 0):
 garbage-first heap   total 65536K, used 34304K [0x00000000c1600000, 0x0000000100000000)
  region size 1024K, 10 young (10240K), 1 survivors (1024K)
 Metaspace       used 3584K, capacity 4486K, committed 4864K, reserved 1056768K
  class space    used 315K, capacity 386K, committed 512K, reserved 1048576K
}
Event: 97.243 GC heap after
{Heap after GC invocations=4 (full 0):
 garbage-first heap   total 65536K, used 34816K [0x00000000c1600000, 0x0000000100000000)
  region size 1024K, 2 young (2048K), 2 survivors (2048K)
 Metaspace       used 3584K, capacity 4486K, committed 4864K, reserved 1056768K
  class space    used 315K, capacity 386K, committed 512K, reserved 1048576K
}
Event: 97.297 GC heap before
{Heap before GC invocations=4 (full 0):
 garbage-first heap   total 65536K, used 40960K [0x00000000c1600000, 0x0000000100000000)
  region size 1024K, 8 young (8192K), 2 survivors (2048K)
 Metaspace       used 3584K, capacity 4486K, committed 4864K, reserved 1056768K
  class space    used 315K, capacity 386K, committed 512K, reserved 1048576K
}
Event: 97.360 GC heap after
{Heap after GC invocations=5 (full 0):
 garbage-first heap   total 65536K, used 40960K [0x00000000c1600000, 0x0000000100000000)
  region size 1024K, 1 young (1024K), 1 survivors (1024K)
 Metaspace       used 3584K, capacity 4486K, committed 4864K, reserved 1056768K
  class space    used 315K, capacity 386K, committed 512K, reserved 1048576K
}
Event: 97.551 GC heap before
{Heap before GC invocations=5 (full 0):
 garbage-first heap   total 65536K, used 45056K [0x00000000c1600000, 0x0000000100000000)
  region size 1024K, 5 young (5120K), 1 survivors (1024K)
 Metaspace       used 3584K, capacity 4486K, committed 4864K, reserved 1056768K
  class space    used 315K, capacity 386K, committed 512K, reserved 1048576K
}
Event: 97.587 GC heap after
{Heap after GC invocations=6 (full 0):
 garbage-first heap   total 65536K, used 45568K [0x00000000c1600000, 0x0000000100000000)
  region size 1024K, 1 young (1024K), 1 survivors (1024K)
 Metaspace       used 3584K, capacity 4486K, committed 4864K, reserved 1056768K
  class space    used 315K, capacity 386K, committed 512K, reserved 1048576K
}
Event: 97.592 GC heap before
{Heap before GC invocations=6 (full 0):
 garbage-first heap   total 65536K, used 48640K [0x00000000c1600000, 0x0000000100000000)
  region size 1024K, 4 young (4096K), 1 survivors (1024K)
 Metaspace       used 3584K, capacity 4486K, committed 4864K, reserved 1056768K
  class space    used 315K, capacity 386K, committed 512K, reserved 1048576K
}
Event: 97.623 GC heap after
{Heap after GC invocations=7 (full 0):
 garbage-first heap   total 65536K, used 49102K [0x00000000c1600000, 0x0000000100000000)
  region size 1024K, 1 young (1024K), 1 survivors (1024K)
 Metaspace       used 3584K, capacity 4486K, committed 4864K, reserved 1056768K
  class space    used 315K, capacity 386K, committed 512K, reserved 1048576K
}
Event: 97.634 GC heap before
{Heap before GC invocations=7 (full 0):
 garbage-first heap   total 65536K, used 51150K [0x00000000c1600000, 0x0000000100000000)
  region size 1024K, 3 young (3072K), 1 survivors (1024K)
 Metaspace       used 3584K, capacity 4486K, committed 4864K, reserved 1056768K
  class space    used 315K, capacity 386K, committed 512K, reserved 1048576K
}
Event: 97.657 GC heap after
{Heap after GC invocations=8 (full 0):
 garbage-first heap   total 65536K, used 51200K [0x00000000c1600000, 0x0000000100000000)
  region size 1024K, 1 young (1024K), 1 survivors (1024K)
 Metaspace       used 3584K, capacity 4486K, committed 4864K, reserved 1056768K
  class space    used 315K, capacity 386K, committed 512K, reserved 1048576K
}
Event: 97.692 GC heap before
{Heap before GC invocations=8 (full 0):
 garbage-first heap   total 65536K, used 53248K [0x00000000c1600000, 0x0000000100000000)
  region size 1024K, 3 young (3072K), 1 survivors (1024K)
 Metaspace       used 3584K, capacity 4486K, committed 4864K, reserved 1056768K
  class space    used 315K, capacity 386K, committed 512K, reserved 1048576K
}
Event: 97.711 GC heap after
{Heap after GC invocations=9 (full 0):
 garbage-first heap   total 65536K, used 53248K [0x00000000c1600000, 0x0000000100000000)
  region size 1024K, 1 young (1024K), 1 survivors (1024K)
 Metaspace       used 3584K, capacity 4486K, committed 4864K, reserved 1056768K
  class space    used 315K, capacity 386K, committed 512K, reserved 1048576K
}
Event: 97.714 GC heap before
{Heap before GC invocations=9 (full 0):
 garbage-first heap   total 65536K, used 55296K [0x00000000c1600000, 0x0000000100000000)
  region size 1024K, 3 young (3072K), 1 survivors (1024K)
 Metaspace       used 3584K, capacity 4486K, committed 4864K, reserved 1056768K
  class space    used 315K, capacity 386K, committed 512K, reserved 1048576K
}
Event: 97.732 GC heap after
{Heap after GC invocations=10 (full 0):
 garbage-first heap   total 65536K, used 55507K [0x00000000c1600000, 0x0000000100000000)
  region size 1024K, 1 young (1024K), 1 survivors (1024K)
 Metaspace       used 3584K, capacity 4486K, committed 4864K, reserved 1056768K
  class space    used 315K, capacity 386K, committed 512K, reserved 1048576K
}
Event: 97.735 GC heap before
{Heap before GC invocations=10 (full 0):
 garbage-first heap   total 65536K, used 57555K [0x00000000c1600000, 0x0000000100000000)
  region size 1024K, 3 young (3072K), 1 survivors (1024K)
 Metaspace       used 3584K, capacity 4486K, committed 4864K, reserved 1056768K
  class space    used 315K, capacity 386K, committed 512K, reserved 1048576K
}
Event: 97.754 GC heap after
{Heap after GC invocations=11 (full 0):
 garbage-first heap   total 65536K, used 57548K [0x00000000c1600000, 0x0000000100000000)
  region size 1024K, 1 young (1024K), 1 survivors (1024K)
 Metaspace       used 3584K, capacity 4486K, committed 4864K, reserved 1056768K
  class space    used 315K, capacity 386K, committed 512K, reserved 1048576K
}
Event: 97.756 GC heap before
{Heap before GC invocations=11 (full 0):
 garbage-first heap   total 65536K, used 59596K [0x00000000c1600000, 0x0000000100000000)
  region size 1024K, 3 young (3072K), 1 survivors (1024K)
 Metaspace       used 3584K, capacity 4486K, committed 4864K, reserved 1056768K
  class space    used 315K, capacity 386K, committed 512K, reserved 1048576K
}

